\BOOKMARK [1][-]{section.1}{Geometry}{}% 1
\BOOKMARK [2][-]{subsection.1.1}{Similarity}{section.1}% 2
\BOOKMARK [3][-]{subsubsection.1.1.1}{Setup 1}{subsection.1.1}% 3
\BOOKMARK [3][-]{subsubsection.1.1.2}{Setup 2}{subsection.1.1}% 4
\BOOKMARK [3][-]{subsubsection.1.1.3}{Ratio Stuff}{subsection.1.1}% 5
\BOOKMARK [2][-]{subsection.1.2}{Inscribed Stuff}{section.1}% 6
\BOOKMARK [2][-]{subsection.1.3}{3-d Geo}{section.1}% 7
\BOOKMARK [2][-]{subsection.1.4}{Analytic Geo}{section.1}% 8
\BOOKMARK [2][-]{subsection.1.5}{Mass Points}{section.1}% 9
\BOOKMARK [2][-]{subsection.1.6}{Pythag}{section.1}% 10
\BOOKMARK [2][-]{subsection.1.7}{Funky Area}{section.1}% 11
\BOOKMARK [2][-]{subsection.1.8}{Circle angles}{section.1}% 12
\BOOKMARK [2][-]{subsection.1.9}{Special Right Triangles}{section.1}% 13
\BOOKMARK [2][-]{subsection.1.10}{LoS and LoC and Trig}{section.1}% 14
\BOOKMARK [2][-]{subsection.1.11}{Drills}{section.1}% 15
\BOOKMARK [2][-]{subsection.1.12}{Triangle Centers}{section.1}% 16
\BOOKMARK [2][-]{subsection.1.13}{Angle Bisector Theorem}{section.1}% 17
\BOOKMARK [2][-]{subsection.1.14}{Areas}{section.1}% 18
\BOOKMARK [2][-]{subsection.1.15}{Tangents to Circles}{section.1}% 19
\BOOKMARK [2][-]{subsection.1.16}{Power of a Point}{section.1}% 20
\BOOKMARK [2][-]{subsection.1.17}{Cyclic Quads}{section.1}% 21
\BOOKMARK [2][-]{subsection.1.18}{Nice, Uncategorized}{section.1}% 22
\BOOKMARK [1][-]{section.2}{Algebra}{}% 23
\BOOKMARK [2][-]{subsection.2.1}{Logs}{section.2}% 24
\BOOKMARK [2][-]{subsection.2.2}{Complex Numbers}{section.2}% 25
\BOOKMARK [2][-]{subsection.2.3}{Trig}{section.2}% 26
\BOOKMARK [2][-]{subsection.2.4}{Word Problems}{section.2}% 27
\BOOKMARK [2][-]{subsection.2.5}{Normal Factorizations}{section.2}% 28
\BOOKMARK [2][-]{subsection.2.6}{Special Factorizations}{section.2}% 29
\BOOKMARK [2][-]{subsection.2.7}{Clever Substitutions}{section.2}% 30
\BOOKMARK [2][-]{subsection.2.8}{AM-GM}{section.2}% 31
\BOOKMARK [2][-]{subsection.2.9}{Systems of Equations}{section.2}% 32
\BOOKMARK [2][-]{subsection.2.10}{Polynomials}{section.2}% 33
\BOOKMARK [2][-]{subsection.2.11}{Symmetric Equations}{section.2}% 34
\BOOKMARK [2][-]{subsection.2.12}{Synthetic Division}{section.2}% 35
\BOOKMARK [2][-]{subsection.2.13}{Vieta's}{section.2}% 36
\BOOKMARK [2][-]{subsection.2.14}{Ratio Problems}{section.2}% 37
\BOOKMARK [2][-]{subsection.2.15}{General Functions}{section.2}% 38
\BOOKMARK [2][-]{subsection.2.16}{Series and Sequences}{section.2}% 39
\BOOKMARK [2][-]{subsection.2.17}{D=RT}{section.2}% 40
\BOOKMARK [2][-]{subsection.2.18}{Quadratics}{section.2}% 41
\BOOKMARK [2][-]{subsection.2.19}{Absolute Values}{section.2}% 42
\BOOKMARK [2][-]{subsection.2.20}{Defined Functions \(MC\)}{section.2}% 43
\BOOKMARK [2][-]{subsection.2.21}{Floor Functions}{section.2}% 44
\BOOKMARK [2][-]{subsection.2.22}{Mean, Median, Mode, Range}{section.2}% 45
\BOOKMARK [2][-]{subsection.2.23}{SFFT}{section.2}% 46
\BOOKMARK [1][-]{section.3}{Combinatorics}{}% 47
\BOOKMARK [2][-]{subsection.3.1}{Basic Probability}{section.3}% 48
\BOOKMARK [2][-]{subsection.3.2}{Stars and Bars}{section.3}% 49
\BOOKMARK [2][-]{subsection.3.3}{Adding Stuff to Help Count}{section.3}% 50
\BOOKMARK [2][-]{subsection.3.4}{Overcounting}{section.3}% 51
\BOOKMARK [2][-]{subsection.3.5}{PIE}{section.3}% 52
\BOOKMARK [2][-]{subsection.3.6}{Phi Function}{section.3}% 53
\BOOKMARK [2][-]{subsection.3.7}{Geometric Counting}{section.3}% 54
\BOOKMARK [2][-]{subsection.3.8}{Double Counting}{section.3}% 55
\BOOKMARK [2][-]{subsection.3.9}{Conditional Probability}{section.3}% 56
\BOOKMARK [2][-]{subsection.3.10}{Algebraic Probability}{section.3}% 57
\BOOKMARK [2][-]{subsection.3.11}{Order or no Order?}{section.3}% 58
\BOOKMARK [2][-]{subsection.3.12}{Just Choose It}{section.3}% 59
\BOOKMARK [2][-]{subsection.3.13}{Nomial Theorems}{section.3}% 60
\BOOKMARK [2][-]{subsection.3.14}{Slot Models/Just count it!}{section.3}% 61
\BOOKMARK [2][-]{subsection.3.15}{States/Recursion/Expected Value}{section.3}% 62
\BOOKMARK [2][-]{subsection.3.16}{Splitting up complicated stuff}{section.3}% 63
\BOOKMARK [2][-]{subsection.3.17}{WLOG/Modeling Problems}{section.3}% 64
\BOOKMARK [2][-]{subsection.3.18}{Complementary Counting}{section.3}% 65
\BOOKMARK [2][-]{subsection.3.19}{Symmetries}{section.3}% 66
\BOOKMARK [2][-]{subsection.3.20}{Geometric Probability}{section.3}% 67
\BOOKMARK [2][-]{subsection.3.21}{Casework}{section.3}% 68
\BOOKMARK [2][-]{subsection.3.22}{Nice Problems}{section.3}% 69
\BOOKMARK [2][-]{subsection.3.23}{Pathwalking}{section.3}% 70
\BOOKMARK [1][-]{section.4}{Number Theory}{}% 71
\BOOKMARK [2][-]{subsection.4.1}{Divisibility Rules}{section.4}% 72
\BOOKMARK [2][-]{subsection.4.2}{Modular Inverses}{section.4}% 73
\BOOKMARK [2][-]{subsection.4.3}{Linear Congruences}{section.4}% 74
\BOOKMARK [2][-]{subsection.4.4}{Powers}{section.4}% 75
\BOOKMARK [2][-]{subsection.4.5}{Legendre's Thing}{section.4}% 76
\BOOKMARK [2][-]{subsection.4.6}{Mods Problem Solving}{section.4}% 77
\BOOKMARK [2][-]{subsection.4.7}{Euclidean Algorithm}{section.4}% 78
\BOOKMARK [2][-]{subsection.4.8}{Prime Factorization}{section.4}% 79
\BOOKMARK [2][-]{subsection.4.9}{Factor Tricks}{section.4}% 80
\BOOKMARK [2][-]{subsection.4.10}{Base arithmetic}{section.4}% 81
\BOOKMARK [2][-]{subsection.4.11}{Division Algorithm}{section.4}% 82
\BOOKMARK [2][-]{subsection.4.12}{NT Factoring}{section.4}% 83
\BOOKMARK [1][-]{section.5}{Altering perspective?}{}% 84
\BOOKMARK [1][-]{section.6}{AMC Uncategorized}{}% 85
\BOOKMARK [2][-]{subsection.6.1}{Anshul 2/8}{section.6}% 86
\BOOKMARK [3][-]{subsubsection.6.1.1}{Speeeeed}{subsection.6.1}% 87
\BOOKMARK [3][-]{subsubsection.6.1.2}{Speed Week 2}{subsection.6.1}% 88
\BOOKMARK [2][-]{subsection.6.2}{March 7 Q's}{section.6}% 89
\BOOKMARK [2][-]{subsection.6.3}{Pi day Problems!}{section.6}% 90
